<?xml version="1.0" encoding="UTF-8"?>
<!-- Generated by org.testng.reporters.JUnitReportReporter -->
<testsuite hostname="DESKTOP-DRMF9R6" failures="0" tests="5" name="com.polymathlab.tests.NavigationTests" time="119.324" errors="0" timestamp="2020-05-19T18:10:04 CEST" skipped="0">
  <testcase classname="com.polymathlab.tests.NavigationTests" name="goToServices" time="22.881"/>
  <testcase classname="com.polymathlab.tests.NavigationTests" name="gotoCompetencies" time="22.899"/>
  <testcase classname="com.polymathlab.tests.NavigationTests" name="goToBlog" time="21.326"/>
  <testcase classname="com.polymathlab.tests.NavigationTests" name="goToAbout" time="21.938"/>
  <testcase classname="com.polymathlab.tests.NavigationTests" name="goToContactUS" time="30.280"/>
</testsuite> <!-- com.polymathlab.tests.NavigationTests -->
